2022-08-31 13:15:22 INFO  Employee_RestAPI:93 - ***********  Checking Content Lenght**********
2022-08-31 13:15:22 INFO  Employee_RestAPI:62 - ****************** Checking Content Type *******************
2022-08-31 13:15:22 INFO  Employee_RestAPI:108 - ***********  Checking Cookies **********
2022-08-31 13:15:22 INFO  Employee_RestAPI:36 - *********** Checking Status Code **********
2022-08-31 13:15:22 INFO  Employee_RestAPI:44 - ****************** Checking Response Time *******************
2022-08-31 13:15:22 INFO  Employee_RestAPI:70 - ***********  Checking Server Type **********
2022-08-31 13:15:22 INFO  Employee_RestAPI:81 - ***********  Checking Content Encoding**********
2022-08-31 13:15:22 INFO  Employee_RestAPI:54 - ****************** Checking Status Code *******************
2022-08-31 13:15:22 INFO  Employee_RestAPI:27 - -------------Started TC001_GET_AllEmployee------------------
2022-08-31 13:15:35 INFO  Employee_RestAPI:118 - *********  Finished TC001_Get_All_Employees **********
2022-08-31 13:18:10 INFO  Employee_RestAPI:93 - ***********  Checking Content Lenght**********
2022-08-31 13:18:10 INFO  Employee_RestAPI:62 - ****************** Checking Content Type *******************
2022-08-31 13:18:10 INFO  Employee_RestAPI:108 - ***********  Checking Cookies **********
2022-08-31 13:18:10 INFO  Employee_RestAPI:36 - *********** Checking Status Code **********
2022-08-31 13:18:10 INFO  Employee_RestAPI:44 - ****************** Checking Response Time *******************
2022-08-31 13:18:10 INFO  Employee_RestAPI:70 - ***********  Checking Server Type **********
2022-08-31 13:18:10 INFO  Employee_RestAPI:81 - ***********  Checking Content Encoding**********
2022-08-31 13:18:10 INFO  Employee_RestAPI:54 - ****************** Checking Status Code *******************
2022-08-31 13:18:10 INFO  Employee_RestAPI:27 - -------------Started TC001_GET_AllEmployee------------------
2022-08-31 13:18:26 INFO  Employee_RestAPI:118 - *********  Finished TC001_Get_All_Employees **********
